[INFO] Scanning for projects...
[INFO] 
[INFO] --------------------------< org.jsoup:jsoup >---------------------------
[INFO] Building jsoup Java HTML Parser 1.12.2
[INFO] --------------------------------[ jar ]---------------------------------
[INFO] 
[INFO] --- maven-clean-plugin:2.5:clean (default-clean) @ jsoup ---
[INFO] Deleting ./jsoup/target
[INFO] 
[INFO] --- maven-resources-plugin:3.0.1:resources (default-resources) @ jsoup ---
[INFO] Using 'UTF-8' encoding to copy filtered resources.
[INFO] Copying 3 resources to META-INF/
[INFO] 
[INFO] --- maven-compiler-plugin:3.8.0:compile (default-compile) @ jsoup ---
[INFO] Changes detected - recompiling the module!
[INFO] Compiling 68 source files to ./jsoup/target/classes
[INFO] ./jsoup/src/main/java/org/jsoup/nodes/Attributes.java: ./jsoup/src/main/java/org/jsoup/nodes/Attributes.java uses or overrides a deprecated API.
[INFO] ./jsoup/src/main/java/org/jsoup/nodes/Attributes.java: Recompile with -Xlint:deprecation for details.
[INFO] 
[INFO] --- animal-sniffer-maven-plugin:1.16:check (animal-sniffer) @ jsoup ---
[INFO] Checking unresolved references to net.sf.androidscents.signature:android-api-level-8:2.2_r3
[INFO] 
[INFO] >>> maven-bundle-plugin:2.5.4:manifest (bundle-manifest) > process-classes @ jsoup >>>
[INFO] 
[INFO] --- maven-resources-plugin:3.0.1:resources (default-resources) @ jsoup ---
[INFO] Using 'UTF-8' encoding to copy filtered resources.
[INFO] Copying 3 resources to META-INF/
[INFO] 
[INFO] --- maven-compiler-plugin:3.8.0:compile (default-compile) @ jsoup ---
[INFO] Changes detected - recompiling the module!
[INFO] Compiling 68 source files to ./jsoup/target/classes
[INFO] ./jsoup/src/main/java/org/jsoup/nodes/Attributes.java: ./jsoup/src/main/java/org/jsoup/nodes/Attributes.java uses or overrides a deprecated API.
[INFO] ./jsoup/src/main/java/org/jsoup/nodes/Attributes.java: Recompile with -Xlint:deprecation for details.
[INFO] 
[INFO] --- animal-sniffer-maven-plugin:1.16:check (animal-sniffer) @ jsoup ---
[INFO] Checking unresolved references to net.sf.androidscents.signature:android-api-level-8:2.2_r3
[INFO] 
[INFO] <<< maven-bundle-plugin:2.5.4:manifest (bundle-manifest) < process-classes @ jsoup <<<
[INFO] 
[INFO] 
[INFO] --- maven-bundle-plugin:2.5.4:manifest (bundle-manifest) @ jsoup ---
[INFO] 
[INFO] --- maven-resources-plugin:3.0.1:testResources (default-testResources) @ jsoup ---
[INFO] Using 'UTF-8' encoding to copy filtered resources.
[INFO] Copying 27 resources
[INFO] 
[INFO] --- maven-compiler-plugin:3.8.0:testCompile (default-testCompile) @ jsoup ---
[INFO] Changes detected - recompiling the module!
[INFO] Compiling 50 source files to ./jsoup/target/test-classes
[INFO] ./jsoup/src/test/java/org/jsoup/parser/AttributeParseTest.java: Some input files use or override a deprecated API.
[INFO] ./jsoup/src/test/java/org/jsoup/parser/AttributeParseTest.java: Recompile with -Xlint:deprecation for details.
[INFO] 
[INFO] --- maven-surefire-plugin:2.12.4:test (default-test) @ jsoup ---
[INFO] Surefire report directory: ./jsoup/target/surefire-reports

-------------------------------------------------------
 T E S T S
-------------------------------------------------------
Running org.jsoup.nodes.TextNodeTest
Tests run: 9, Failures: 0, Errors: 0, Skipped: 0, Time elapsed: 0.177 sec
Running org.jsoup.nodes.AttributeTest
Tests run: 6, Failures: 0, Errors: 0, Skipped: 0, Time elapsed: 0.013 sec
Running org.jsoup.nodes.ElementTest
Tests run: 107, Failures: 0, Errors: 0, Skipped: 0, Time elapsed: 2.195 sec
Running org.jsoup.nodes.AttributesTest
Tests run: 8, Failures: 0, Errors: 0, Skipped: 0, Time elapsed: 0.013 sec
Running org.jsoup.nodes.FormElementTest
Tests run: 11, Failures: 0, Errors: 0, Skipped: 0, Time elapsed: 0.055 sec
Running org.jsoup.nodes.DocumentTest
Tests run: 30, Failures: 0, Errors: 0, Skipped: 1, Time elapsed: 0.178 sec
Running org.jsoup.nodes.EntitiesTest
Tests run: 15, Failures: 0, Errors: 0, Skipped: 0, Time elapsed: 0.027 sec
Running org.jsoup.nodes.DocumentTypeTest
Tests run: 5, Failures: 0, Errors: 0, Skipped: 0, Time elapsed: 0.01 sec
Running org.jsoup.nodes.NodeTest
Tests run: 25, Failures: 0, Errors: 0, Skipped: 0, Time elapsed: 0.043 sec
Running org.jsoup.integration.ConnectTest
Tests run: 31, Failures: 0, Errors: 0, Skipped: 0, Time elapsed: 1.127 sec
Running org.jsoup.integration.UrlConnectTest
Tests run: 1, Failures: 0, Errors: 0, Skipped: 1, Time elapsed: 0 sec
Running org.jsoup.integration.ParseTest
Tests run: 11, Failures: 0, Errors: 0, Skipped: 0, Time elapsed: 0.145 sec
Running org.jsoup.internal.ConstrainableInputStreamTest
Tests run: 1, Failures: 0, Errors: 0, Skipped: 1, Time elapsed: 0.004 sec
Running org.jsoup.internal.StringUtilTest
Tests run: 9, Failures: 0, Errors: 0, Skipped: 0, Time elapsed: 0.008 sec
Running org.jsoup.parser.XmlTreeBuilderTest
Tests run: 24, Failures: 0, Errors: 0, Skipped: 1, Time elapsed: 0.016 sec
Running org.jsoup.parser.TokeniserTest
Tests run: 12, Failures: 0, Errors: 0, Skipped: 0, Time elapsed: 0.041 sec
Running org.jsoup.parser.ParserSettingsTest
Tests run: 3, Failures: 0, Errors: 0, Skipped: 0, Time elapsed: 0.005 sec
Running org.jsoup.parser.TokenQueueTest
Tests run: 9, Failures: 0, Errors: 0, Skipped: 0, Time elapsed: 0.005 sec
Running org.jsoup.parser.HtmlTreeBuilderStateTest
Tests run: 1, Failures: 0, Errors: 0, Skipped: 0, Time elapsed: 0.004 sec
Running org.jsoup.parser.CharacterReaderTest
Tests run: 23, Failures: 0, Errors: 0, Skipped: 0, Time elapsed: 0.009 sec
Running org.jsoup.parser.TagTest
Tests run: 10, Failures: 0, Errors: 0, Skipped: 0, Time elapsed: 0.005 sec
Running org.jsoup.parser.AttributeParseTest
Tests run: 8, Failures: 0, Errors: 0, Skipped: 0, Time elapsed: 0.007 sec
Running org.jsoup.parser.TokeniserStateTest
Tests run: 16, Failures: 0, Errors: 0, Skipped: 0, Time elapsed: 0.04 sec
Running org.jsoup.parser.ParserTest
Tests run: 2, Failures: 0, Errors: 0, Skipped: 0, Time elapsed: 0.008 sec
Running org.jsoup.parser.HtmlTreeBuilderTest
Tests run: 1, Failures: 0, Errors: 0, Skipped: 0, Time elapsed: 0 sec
Running org.jsoup.parser.HtmlParserTest
Tests run: 138, Failures: 0, Errors: 0, Skipped: 1, Time elapsed: 1.165 sec
Running org.jsoup.safety.CleanerTest
Tests run: 35, Failures: 0, Errors: 0, Skipped: 0, Time elapsed: 0.024 sec
Running org.jsoup.select.QueryParserTest
Tests run: 7, Failures: 0, Errors: 0, Skipped: 0, Time elapsed: 0.008 sec
Running org.jsoup.select.ElementsTest
Tests run: 34, Failures: 0, Errors: 0, Skipped: 0, Time elapsed: 0.013 sec
Running org.jsoup.select.SelectorTest
Tests run: 76, Failures: 0, Errors: 0, Skipped: 0, Time elapsed: 0.049 sec
Running org.jsoup.select.TraversorTest
Tests run: 5, Failures: 0, Errors: 0, Skipped: 0, Time elapsed: 0.019 sec
Running org.jsoup.select.CssTest
Tests run: 17, Failures: 0, Errors: 0, Skipped: 0, Time elapsed: 0.05 sec
Running org.jsoup.helper.DataUtilTest
Tests run: 15, Failures: 0, Errors: 0, Skipped: 0, Time elapsed: 0.032 sec
Running org.jsoup.helper.W3CDomTest
Tests run: 8, Failures: 1, Errors: 0, Skipped: 0, Time elapsed: 0.254 sec <<< FAILURE!
testRoundTripDoctype(org.jsoup.helper.W3CDomTest)  Time elapsed: 0.076 sec  <<< FAILURE!
org.junit.ComparisonFailure: expected:<...nal.dtd"><html><head[ /><body ]/></html>> but was:<...nal.dtd"><html><head[/><body]/></html>>
	at org.junit.Assert.assertEquals(Assert.java:115)
	at org.junit.Assert.assertEquals(Assert.java:144)
	at org.jsoup.helper.W3CDomTest.testRoundTripDoctype(W3CDomTest.java:264)
	at sun.reflect.NativeMethodAccessorImpl.invoke0(Native Method)
	at sun.reflect.NativeMethodAccessorImpl.invoke(NativeMethodAccessorImpl.java:62)
	at sun.reflect.DelegatingMethodAccessorImpl.invoke(DelegatingMethodAccessorImpl.java:43)
	at java.lang.reflect.Method.invoke(Method.java:498)
	at org.junit.runners.model.FrameworkMethod$1.runReflectiveCall(FrameworkMethod.java:50)
	at org.junit.internal.runners.model.ReflectiveCallable.run(ReflectiveCallable.java:12)
	at org.junit.runners.model.FrameworkMethod.invokeExplosively(FrameworkMethod.java:47)
	at org.junit.internal.runners.statements.InvokeMethod.evaluate(InvokeMethod.java:17)
	at org.junit.runners.ParentRunner.runLeaf(ParentRunner.java:325)
	at org.junit.runners.BlockJUnit4ClassRunner.runChild(BlockJUnit4ClassRunner.java:78)
	at org.junit.runners.BlockJUnit4ClassRunner.runChild(BlockJUnit4ClassRunner.java:57)
	at org.junit.runners.ParentRunner$3.run(ParentRunner.java:290)
	at org.junit.runners.ParentRunner$1.schedule(ParentRunner.java:71)
	at org.junit.runners.ParentRunner.runChildren(ParentRunner.java:288)
	at org.junit.runners.ParentRunner.access$000(ParentRunner.java:58)
	at org.junit.runners.ParentRunner$2.evaluate(ParentRunner.java:268)
	at org.junit.runners.ParentRunner.run(ParentRunner.java:363)
	at org.apache.maven.surefire.junit4.JUnit4Provider.execute(JUnit4Provider.java:252)
	at org.apache.maven.surefire.junit4.JUnit4Provider.executeTestSet(JUnit4Provider.java:141)
	at org.apache.maven.surefire.junit4.JUnit4Provider.invoke(JUnit4Provider.java:112)
	at sun.reflect.NativeMethodAccessorImpl.invoke0(Native Method)
	at sun.reflect.NativeMethodAccessorImpl.invoke(NativeMethodAccessorImpl.java:62)
	at sun.reflect.DelegatingMethodAccessorImpl.invoke(DelegatingMethodAccessorImpl.java:43)
	at java.lang.reflect.Method.invoke(Method.java:498)
	at org.apache.maven.surefire.util.ReflectionUtils.invokeMethodWithArray(ReflectionUtils.java:189)
	at org.apache.maven.surefire.booter.ProviderFactory$ProviderProxy.invoke(ProviderFactory.java:165)
	at org.apache.maven.surefire.booter.ProviderFactory.invokeProvider(ProviderFactory.java:85)
	at org.apache.maven.surefire.booter.ForkedBooter.runSuitesInProcess(ForkedBooter.java:115)
	at org.apache.maven.surefire.booter.ForkedBooter.main(ForkedBooter.java:75)

Running org.jsoup.helper.HttpConnectionTest
Tests run: 23, Failures: 0, Errors: 0, Skipped: 0, Time elapsed: 0.058 sec

Results :

Failed tests:   testRoundTripDoctype(org.jsoup.helper.W3CDomTest): expected:<...nal.dtd"><html><head[ /><body ]/></html>> but was:<...nal.dtd"><html><head[/><body]/></html>>

Tests run: 736, Failures: 1, Errors: 0, Skipped: 5

[ERROR] There are test failures.

Please refer to ./jsoup/target/surefire-reports for the individual test results.
[INFO] 
[INFO] --- maven-jar-plugin:3.0.2:jar (default-jar) @ jsoup ---
[INFO] Building jar: ./jsoup/target/jsoup-1.12.2.jar
[INFO] 
[INFO] --- maven-failsafe-plugin:3.0.0-M3:integration-test (default) @ jsoup ---
[INFO] 
[INFO] -------------------------------------------------------
[INFO]  T E S T S
[INFO] -------------------------------------------------------
[INFO] Running org.jsoup.integration.ConnectIT
[INFO] Tests run: 5, Failures: 0, Errors: 0, Skipped: 0, Time elapsed: 5.412 s - in org.jsoup.integration.ConnectIT
[INFO] Running org.jsoup.parser.ParserIT
[INFO] Tests run: 1, Failures: 0, Errors: 0, Skipped: 0, Time elapsed: 15.928 s - in org.jsoup.parser.ParserIT
[INFO] 
[INFO] Results:
[INFO] 
[INFO] Tests run: 6, Failures: 0, Errors: 0, Skipped: 0
[INFO] 
[INFO] 
[INFO] --- maven-javadoc-plugin:3.1.0:jar (attach-javadoc) @ jsoup ---
[INFO] 
Loading source files for package org.jsoup.nodes...
Loading source files for package org.jsoup...
Loading source files for package org.jsoup.internal...
Loading source files for package org.jsoup.parser...
Loading source files for package org.jsoup.safety...
Loading source files for package org.jsoup.examples...
Loading source files for package org.jsoup.select...
Loading source files for package org.jsoup.helper...
Constructing Javadoc information...
Standard Doclet version 1.8.0_191
Building tree for all the packages and classes...
Generating ./jsoup/target/apidocs/org/jsoup/nodes/Attribute.html...
Generating ./jsoup/target/apidocs/org/jsoup/nodes/Attributes.html...
Generating ./jsoup/target/apidocs/org/jsoup/nodes/BooleanAttribute.html...
Generating ./jsoup/target/apidocs/org/jsoup/nodes/CDataNode.html...
Generating ./jsoup/target/apidocs/org/jsoup/nodes/Comment.html...
Generating ./jsoup/target/apidocs/org/jsoup/nodes/DataNode.html...
Generating ./jsoup/target/apidocs/org/jsoup/nodes/Document.html...
Generating ./jsoup/target/apidocs/org/jsoup/nodes/Document.OutputSettings.html...
Generating ./jsoup/target/apidocs/org/jsoup/nodes/Document.OutputSettings.Syntax.html...
Generating ./jsoup/target/apidocs/org/jsoup/nodes/Document.QuirksMode.html...
Generating ./jsoup/target/apidocs/org/jsoup/nodes/DocumentType.html...
Generating ./jsoup/target/apidocs/org/jsoup/nodes/Element.html...
Generating ./jsoup/target/apidocs/org/jsoup/nodes/Entities.html...
Generating ./jsoup/target/apidocs/org/jsoup/nodes/Entities.EscapeMode.html...
Generating ./jsoup/target/apidocs/org/jsoup/nodes/FormElement.html...
Generating ./jsoup/target/apidocs/org/jsoup/nodes/Node.html...
Generating ./jsoup/target/apidocs/org/jsoup/nodes/PseudoTextElement.html...
Generating ./jsoup/target/apidocs/org/jsoup/nodes/TextNode.html...
Generating ./jsoup/target/apidocs/org/jsoup/nodes/XmlDeclaration.html...
Generating ./jsoup/target/apidocs/org/jsoup/Connection.html...
Generating ./jsoup/target/apidocs/org/jsoup/Connection.Base.html...
Generating ./jsoup/target/apidocs/org/jsoup/Connection.KeyVal.html...
Generating ./jsoup/target/apidocs/org/jsoup/Connection.Method.html...
Generating ./jsoup/target/apidocs/org/jsoup/Connection.Request.html...
Generating ./jsoup/target/apidocs/org/jsoup/Connection.Response.html...
Generating ./jsoup/target/apidocs/org/jsoup/HttpStatusException.html...
Generating ./jsoup/target/apidocs/org/jsoup/Jsoup.html...
Generating ./jsoup/target/apidocs/org/jsoup/SerializationException.html...
Generating ./jsoup/target/apidocs/org/jsoup/UncheckedIOException.html...
Generating ./jsoup/target/apidocs/org/jsoup/UnsupportedMimeTypeException.html...
Generating ./jsoup/target/apidocs/org/jsoup/internal/ConstrainableInputStream.html...
Generating ./jsoup/target/apidocs/org/jsoup/internal/Normalizer.html...
Generating ./jsoup/target/apidocs/org/jsoup/internal/StringUtil.html...
Generating ./jsoup/target/apidocs/org/jsoup/parser/CharacterReader.html...
Generating ./jsoup/target/apidocs/org/jsoup/parser/HtmlTreeBuilder.html...
Generating ./jsoup/target/apidocs/org/jsoup/parser/ParseError.html...
Generating ./jsoup/target/apidocs/org/jsoup/parser/ParseErrorList.html...
Generating ./jsoup/target/apidocs/org/jsoup/parser/Parser.html...
Generating ./jsoup/target/apidocs/org/jsoup/parser/ParseSettings.html...
Generating ./jsoup/target/apidocs/org/jsoup/parser/Tag.html...
Generating ./jsoup/target/apidocs/org/jsoup/parser/TokenQueue.html...
Generating ./jsoup/target/apidocs/org/jsoup/parser/XmlTreeBuilder.html...
Generating ./jsoup/target/apidocs/org/jsoup/safety/Cleaner.html...
Generating ./jsoup/target/apidocs/org/jsoup/safety/Whitelist.html...
Generating ./jsoup/target/apidocs/org/jsoup/examples/HtmlToPlainText.html...
Generating ./jsoup/target/apidocs/org/jsoup/examples/ListLinks.html...
Generating ./jsoup/target/apidocs/org/jsoup/examples/Wikipedia.html...
Generating ./jsoup/target/apidocs/org/jsoup/select/Collector.html...
Generating ./jsoup/target/apidocs/org/jsoup/select/Elements.html...
Generating ./jsoup/target/apidocs/org/jsoup/select/Evaluator.html...
Generating ./jsoup/target/apidocs/org/jsoup/select/Evaluator.AllElements.html...
Generating ./jsoup/target/apidocs/org/jsoup/select/Evaluator.Attribute.html...
Generating ./jsoup/target/apidocs/org/jsoup/select/Evaluator.AttributeKeyPair.html...
Generating ./jsoup/target/apidocs/org/jsoup/select/Evaluator.AttributeStarting.html...
Generating ./jsoup/target/apidocs/org/jsoup/select/Evaluator.AttributeWithValue.html...
Generating ./jsoup/target/apidocs/org/jsoup/select/Evaluator.AttributeWithValueContaining.html...
Generating ./jsoup/target/apidocs/org/jsoup/select/Evaluator.AttributeWithValueEnding.html...
Generating ./jsoup/target/apidocs/org/jsoup/select/Evaluator.AttributeWithValueMatching.html...
Generating ./jsoup/target/apidocs/org/jsoup/select/Evaluator.AttributeWithValueNot.html...
Generating ./jsoup/target/apidocs/org/jsoup/select/Evaluator.AttributeWithValueStarting.html...
Generating ./jsoup/target/apidocs/org/jsoup/select/Evaluator.Class.html...
Generating ./jsoup/target/apidocs/org/jsoup/select/Evaluator.ContainsData.html...
Generating ./jsoup/target/apidocs/org/jsoup/select/Evaluator.ContainsOwnText.html...
Generating ./jsoup/target/apidocs/org/jsoup/select/Evaluator.ContainsText.html...
Generating ./jsoup/target/apidocs/org/jsoup/select/Evaluator.CssNthEvaluator.html...
Generating ./jsoup/target/apidocs/org/jsoup/select/Evaluator.Id.html...
Generating ./jsoup/target/apidocs/org/jsoup/select/Evaluator.IndexEquals.html...
Generating ./jsoup/target/apidocs/org/jsoup/select/Evaluator.IndexEvaluator.html...
Generating ./jsoup/target/apidocs/org/jsoup/select/Evaluator.IndexGreaterThan.html...
Generating ./jsoup/target/apidocs/org/jsoup/select/Evaluator.IndexLessThan.html...
Generating ./jsoup/target/apidocs/org/jsoup/select/Evaluator.IsEmpty.html...
Generating ./jsoup/target/apidocs/org/jsoup/select/Evaluator.IsFirstChild.html...
Generating ./jsoup/target/apidocs/org/jsoup/select/Evaluator.IsFirstOfType.html...
Generating ./jsoup/target/apidocs/org/jsoup/select/Evaluator.IsLastChild.html...
Generating ./jsoup/target/apidocs/org/jsoup/select/Evaluator.IsLastOfType.html...
Generating ./jsoup/target/apidocs/org/jsoup/select/Evaluator.IsNthChild.html...
Generating ./jsoup/target/apidocs/org/jsoup/select/Evaluator.IsNthLastChild.html...
Generating ./jsoup/target/apidocs/org/jsoup/select/Evaluator.IsNthLastOfType.html...
Generating ./jsoup/target/apidocs/org/jsoup/select/Evaluator.IsNthOfType.html...
Generating ./jsoup/target/apidocs/org/jsoup/select/Evaluator.IsOnlyChild.html...
Generating ./jsoup/target/apidocs/org/jsoup/select/Evaluator.IsOnlyOfType.html...
Generating ./jsoup/target/apidocs/org/jsoup/select/Evaluator.IsRoot.html...
Generating ./jsoup/target/apidocs/org/jsoup/select/Evaluator.Matches.html...
Generating ./jsoup/target/apidocs/org/jsoup/select/Evaluator.MatchesOwn.html...
Generating ./jsoup/target/apidocs/org/jsoup/select/Evaluator.MatchText.html...
Generating ./jsoup/target/apidocs/org/jsoup/select/Evaluator.Tag.html...
Generating ./jsoup/target/apidocs/org/jsoup/select/Evaluator.TagEndsWith.html...
Generating ./jsoup/target/apidocs/org/jsoup/select/NodeFilter.html...
Generating ./jsoup/target/apidocs/org/jsoup/select/NodeFilter.FilterResult.html...
Generating ./jsoup/target/apidocs/org/jsoup/select/NodeTraversor.html...
Generating ./jsoup/target/apidocs/org/jsoup/select/NodeVisitor.html...
Generating ./jsoup/target/apidocs/org/jsoup/select/QueryParser.html...
Generating ./jsoup/target/apidocs/org/jsoup/select/Selector.html...
Generating ./jsoup/target/apidocs/org/jsoup/select/Selector.SelectorParseException.html...
Generating ./jsoup/target/apidocs/org/jsoup/helper/ChangeNotifyingArrayList.html...
Generating ./jsoup/target/apidocs/org/jsoup/helper/DataUtil.html...
Generating ./jsoup/target/apidocs/org/jsoup/helper/HttpConnection.html...
Generating ./jsoup/target/apidocs/org/jsoup/helper/HttpConnection.KeyVal.html...
Generating ./jsoup/target/apidocs/org/jsoup/helper/HttpConnection.Request.html...
Generating ./jsoup/target/apidocs/org/jsoup/helper/HttpConnection.Response.html...
Generating ./jsoup/target/apidocs/org/jsoup/helper/Validate.html...
Generating ./jsoup/target/apidocs/org/jsoup/helper/W3CDom.html...
Generating ./jsoup/target/apidocs/org/jsoup/helper/W3CDom.W3CBuilder.html...
Generating ./jsoup/target/apidocs/overview-frame.html...
Generating ./jsoup/target/apidocs/org/jsoup/package-frame.html...
Generating ./jsoup/target/apidocs/org/jsoup/package-summary.html...
Generating ./jsoup/target/apidocs/org/jsoup/package-tree.html...
Generating ./jsoup/target/apidocs/org/jsoup/examples/package-frame.html...
Generating ./jsoup/target/apidocs/org/jsoup/examples/package-summary.html...
Generating ./jsoup/target/apidocs/org/jsoup/examples/package-tree.html...
Generating ./jsoup/target/apidocs/org/jsoup/helper/package-frame.html...
Generating ./jsoup/target/apidocs/org/jsoup/helper/package-summary.html...
Generating ./jsoup/target/apidocs/org/jsoup/helper/package-tree.html...
Generating ./jsoup/target/apidocs/org/jsoup/internal/package-frame.html...
Generating ./jsoup/target/apidocs/org/jsoup/internal/package-summary.html...
Generating ./jsoup/target/apidocs/org/jsoup/internal/package-tree.html...
Generating ./jsoup/target/apidocs/org/jsoup/nodes/package-frame.html...
Generating ./jsoup/target/apidocs/org/jsoup/nodes/package-summary.html...
Generating ./jsoup/target/apidocs/org/jsoup/nodes/package-tree.html...
Generating ./jsoup/target/apidocs/org/jsoup/parser/package-frame.html...
Generating ./jsoup/target/apidocs/org/jsoup/parser/package-summary.html...
Generating ./jsoup/target/apidocs/org/jsoup/parser/package-tree.html...
Generating ./jsoup/target/apidocs/org/jsoup/safety/package-frame.html...
Generating ./jsoup/target/apidocs/org/jsoup/safety/package-summary.html...
Generating ./jsoup/target/apidocs/org/jsoup/safety/package-tree.html...
Generating ./jsoup/target/apidocs/org/jsoup/select/package-frame.html...
Generating ./jsoup/target/apidocs/org/jsoup/select/package-summary.html...
Generating ./jsoup/target/apidocs/org/jsoup/select/package-tree.html...
Generating ./jsoup/target/apidocs/constant-values.html...
Generating ./jsoup/target/apidocs/serialized-form.html...
Generating ./jsoup/target/apidocs/org/jsoup/nodes/class-use/PseudoTextElement.html...
Generating ./jsoup/target/apidocs/org/jsoup/nodes/class-use/TextNode.html...
Generating ./jsoup/target/apidocs/org/jsoup/nodes/class-use/Attribute.html...
Generating ./jsoup/target/apidocs/org/jsoup/nodes/class-use/DocumentType.html...
Generating ./jsoup/target/apidocs/org/jsoup/nodes/class-use/FormElement.html...
Generating ./jsoup/target/apidocs/org/jsoup/nodes/class-use/XmlDeclaration.html...
Generating ./jsoup/target/apidocs/org/jsoup/nodes/class-use/Comment.html...
Generating ./jsoup/target/apidocs/org/jsoup/nodes/class-use/DataNode.html...
Generating ./jsoup/target/apidocs/org/jsoup/nodes/class-use/Entities.html...
Generating ./jsoup/target/apidocs/org/jsoup/nodes/class-use/Entities.EscapeMode.html...
Generating ./jsoup/target/apidocs/org/jsoup/nodes/class-use/Document.html...
Generating ./jsoup/target/apidocs/org/jsoup/nodes/class-use/Document.OutputSettings.html...
Generating ./jsoup/target/apidocs/org/jsoup/nodes/class-use/Document.OutputSettings.Syntax.html...
Generating ./jsoup/target/apidocs/org/jsoup/nodes/class-use/Document.QuirksMode.html...
Generating ./jsoup/target/apidocs/org/jsoup/nodes/class-use/CDataNode.html...
Generating ./jsoup/target/apidocs/org/jsoup/nodes/class-use/BooleanAttribute.html...
Generating ./jsoup/target/apidocs/org/jsoup/nodes/class-use/Node.html...
Generating ./jsoup/target/apidocs/org/jsoup/nodes/class-use/Element.html...
Generating ./jsoup/target/apidocs/org/jsoup/nodes/class-use/Attributes.html...
Generating ./jsoup/target/apidocs/org/jsoup/class-use/HttpStatusException.html...
Generating ./jsoup/target/apidocs/org/jsoup/class-use/UnsupportedMimeTypeException.html...
Generating ./jsoup/target/apidocs/org/jsoup/class-use/Connection.html...
Generating ./jsoup/target/apidocs/org/jsoup/class-use/Connection.Method.html...
Generating ./jsoup/target/apidocs/org/jsoup/class-use/Connection.Base.html...
Generating ./jsoup/target/apidocs/org/jsoup/class-use/Connection.Request.html...
Generating ./jsoup/target/apidocs/org/jsoup/class-use/Connection.Response.html...
Generating ./jsoup/target/apidocs/org/jsoup/class-use/Connection.KeyVal.html...
Generating ./jsoup/target/apidocs/org/jsoup/class-use/SerializationException.html...
Generating ./jsoup/target/apidocs/org/jsoup/class-use/Jsoup.html...
Generating ./jsoup/target/apidocs/org/jsoup/class-use/UncheckedIOException.html...
Generating ./jsoup/target/apidocs/org/jsoup/internal/class-use/ConstrainableInputStream.html...
Generating ./jsoup/target/apidocs/org/jsoup/internal/class-use/Normalizer.html...
Generating ./jsoup/target/apidocs/org/jsoup/internal/class-use/StringUtil.html...
Generating ./jsoup/target/apidocs/org/jsoup/parser/class-use/XmlTreeBuilder.html...
Generating ./jsoup/target/apidocs/org/jsoup/parser/class-use/ParseSettings.html...
Generating ./jsoup/target/apidocs/org/jsoup/parser/class-use/TokenQueue.html...
Generating ./jsoup/target/apidocs/org/jsoup/parser/class-use/HtmlTreeBuilder.html...
Generating ./jsoup/target/apidocs/org/jsoup/parser/class-use/CharacterReader.html...
Generating ./jsoup/target/apidocs/org/jsoup/parser/class-use/ParseErrorList.html...
Generating ./jsoup/target/apidocs/org/jsoup/parser/class-use/ParseError.html...
Generating ./jsoup/target/apidocs/org/jsoup/parser/class-use/Tag.html...
Generating ./jsoup/target/apidocs/org/jsoup/parser/class-use/Parser.html...
Generating ./jsoup/target/apidocs/org/jsoup/safety/class-use/Whitelist.html...
Generating ./jsoup/target/apidocs/org/jsoup/safety/class-use/Cleaner.html...
Generating ./jsoup/target/apidocs/org/jsoup/examples/class-use/ListLinks.html...
Generating ./jsoup/target/apidocs/org/jsoup/examples/class-use/Wikipedia.html...
Generating ./jsoup/target/apidocs/org/jsoup/examples/class-use/HtmlToPlainText.html...
Generating ./jsoup/target/apidocs/org/jsoup/select/class-use/NodeVisitor.html...
Generating ./jsoup/target/apidocs/org/jsoup/select/class-use/NodeFilter.html...
Generating ./jsoup/target/apidocs/org/jsoup/select/class-use/NodeFilter.FilterResult.html...
Generating ./jsoup/target/apidocs/org/jsoup/select/class-use/Evaluator.html...
Generating ./jsoup/target/apidocs/org/jsoup/select/class-use/Evaluator.Tag.html...
Generating ./jsoup/target/apidocs/org/jsoup/select/class-use/Evaluator.TagEndsWith.html...
Generating ./jsoup/target/apidocs/org/jsoup/select/class-use/Evaluator.Id.html...
Generating ./jsoup/target/apidocs/org/jsoup/select/class-use/Evaluator.Class.html...
Generating ./jsoup/target/apidocs/org/jsoup/select/class-use/Evaluator.Attribute.html...
Generating ./jsoup/target/apidocs/org/jsoup/select/class-use/Evaluator.AttributeStarting.html...
Generating ./jsoup/target/apidocs/org/jsoup/select/class-use/Evaluator.AttributeWithValue.html...
Generating ./jsoup/target/apidocs/org/jsoup/select/class-use/Evaluator.AttributeWithValueNot.html...
Generating ./jsoup/target/apidocs/org/jsoup/select/class-use/Evaluator.AttributeWithValueStarting.html...
Generating ./jsoup/target/apidocs/org/jsoup/select/class-use/Evaluator.AttributeWithValueEnding.html...
Generating ./jsoup/target/apidocs/org/jsoup/select/class-use/Evaluator.AttributeWithValueContaining.html...
Generating ./jsoup/target/apidocs/org/jsoup/select/class-use/Evaluator.AttributeWithValueMatching.html...
Generating ./jsoup/target/apidocs/org/jsoup/select/class-use/Evaluator.AttributeKeyPair.html...
Generating ./jsoup/target/apidocs/org/jsoup/select/class-use/Evaluator.AllElements.html...
Generating ./jsoup/target/apidocs/org/jsoup/select/class-use/Evaluator.IndexLessThan.html...
Generating ./jsoup/target/apidocs/org/jsoup/select/class-use/Evaluator.IndexGreaterThan.html...
Generating ./jsoup/target/apidocs/org/jsoup/select/class-use/Evaluator.IndexEquals.html...
Generating ./jsoup/target/apidocs/org/jsoup/select/class-use/Evaluator.IsLastChild.html...
Generating ./jsoup/target/apidocs/org/jsoup/select/class-use/Evaluator.IsFirstOfType.html...
Generating ./jsoup/target/apidocs/org/jsoup/select/class-use/Evaluator.IsLastOfType.html...
Generating ./jsoup/target/apidocs/org/jsoup/select/class-use/Evaluator.CssNthEvaluator.html...
Generating ./jsoup/target/apidocs/org/jsoup/select/class-use/Evaluator.IsNthChild.html...
Generating ./jsoup/target/apidocs/org/jsoup/select/class-use/Evaluator.IsNthLastChild.html...
Generating ./jsoup/target/apidocs/org/jsoup/select/class-use/Evaluator.IsNthOfType.html...
Generating ./jsoup/target/apidocs/org/jsoup/select/class-use/Evaluator.IsNthLastOfType.html...
Generating ./jsoup/target/apidocs/org/jsoup/select/class-use/Evaluator.IsFirstChild.html...
Generating ./jsoup/target/apidocs/org/jsoup/select/class-use/Evaluator.IsRoot.html...
Generating ./jsoup/target/apidocs/org/jsoup/select/class-use/Evaluator.IsOnlyChild.html...
Generating ./jsoup/target/apidocs/org/jsoup/select/class-use/Evaluator.IsOnlyOfType.html...
Generating ./jsoup/target/apidocs/org/jsoup/select/class-use/Evaluator.IsEmpty.html...
Generating ./jsoup/target/apidocs/org/jsoup/select/class-use/Evaluator.IndexEvaluator.html...
Generating ./jsoup/target/apidocs/org/jsoup/select/class-use/Evaluator.ContainsText.html...
Generating ./jsoup/target/apidocs/org/jsoup/select/class-use/Evaluator.ContainsData.html...
Generating ./jsoup/target/apidocs/org/jsoup/select/class-use/Evaluator.ContainsOwnText.html...
Generating ./jsoup/target/apidocs/org/jsoup/select/class-use/Evaluator.Matches.html...
Generating ./jsoup/target/apidocs/org/jsoup/select/class-use/Evaluator.MatchesOwn.html...
Generating ./jsoup/target/apidocs/org/jsoup/select/class-use/Evaluator.MatchText.html...
Generating ./jsoup/target/apidocs/org/jsoup/select/class-use/Selector.html...
Generating ./jsoup/target/apidocs/org/jsoup/select/class-use/Selector.SelectorParseException.html...
Generating ./jsoup/target/apidocs/org/jsoup/select/class-use/QueryParser.html...
Generating ./jsoup/target/apidocs/org/jsoup/select/class-use/Elements.html...
Generating ./jsoup/target/apidocs/org/jsoup/select/class-use/Collector.html...
Generating ./jsoup/target/apidocs/org/jsoup/select/class-use/NodeTraversor.html...
Generating ./jsoup/target/apidocs/org/jsoup/helper/class-use/W3CDom.html...
Generating ./jsoup/target/apidocs/org/jsoup/helper/class-use/W3CDom.W3CBuilder.html...
Generating ./jsoup/target/apidocs/org/jsoup/helper/class-use/HttpConnection.html...
Generating ./jsoup/target/apidocs/org/jsoup/helper/class-use/HttpConnection.Request.html...
Generating ./jsoup/target/apidocs/org/jsoup/helper/class-use/HttpConnection.Response.html...
Generating ./jsoup/target/apidocs/org/jsoup/helper/class-use/HttpConnection.KeyVal.html...
Generating ./jsoup/target/apidocs/org/jsoup/helper/class-use/Validate.html...
Generating ./jsoup/target/apidocs/org/jsoup/helper/class-use/ChangeNotifyingArrayList.html...
Generating ./jsoup/target/apidocs/org/jsoup/helper/class-use/DataUtil.html...
Generating ./jsoup/target/apidocs/org/jsoup/package-use.html...
Generating ./jsoup/target/apidocs/org/jsoup/examples/package-use.html...
Generating ./jsoup/target/apidocs/org/jsoup/helper/package-use.html...
Generating ./jsoup/target/apidocs/org/jsoup/internal/package-use.html...
Generating ./jsoup/target/apidocs/org/jsoup/nodes/package-use.html...
Generating ./jsoup/target/apidocs/org/jsoup/parser/package-use.html...
Generating ./jsoup/target/apidocs/org/jsoup/safety/package-use.html...
Generating ./jsoup/target/apidocs/org/jsoup/select/package-use.html...
Building index for all the packages and classes...
Generating ./jsoup/target/apidocs/overview-tree.html...
Generating ./jsoup/target/apidocs/index-all.html...
Generating ./jsoup/target/apidocs/deprecated-list.html...
Building index for all classes...
Generating ./jsoup/target/apidocs/allclasses-frame.html...
Generating ./jsoup/target/apidocs/allclasses-noframe.html...
Generating ./jsoup/target/apidocs/index.html...
Generating ./jsoup/target/apidocs/overview-summary.html...
Generating ./jsoup/target/apidocs/help-doc.html...
2 warnings
[WARNING] Javadoc Warnings
[WARNING] ./jsoup/src/main/java/org/jsoup/nodes/Element.java:141: warning - @return tag has no arguments.
[WARNING] ./jsoup/src/main/java/org/jsoup/internal/StringUtil.java:242: warning - @ is an unknown tag.
[INFO] Building jar: ./jsoup/target/jsoup-1.12.2-javadoc.jar
[INFO] 
[INFO] >>> maven-source-plugin:3.0.1:jar (attach-sources) > generate-sources @ jsoup >>>
[INFO] 
[INFO] <<< maven-source-plugin:3.0.1:jar (attach-sources) < generate-sources @ jsoup <<<
[INFO] 
[INFO] 
[INFO] --- maven-source-plugin:3.0.1:jar (attach-sources) @ jsoup ---
[INFO] Building jar: ./jsoup/target/jsoup-1.12.2-sources.jar
[INFO] 
[INFO] --- maven-failsafe-plugin:3.0.0-M3:verify (default) @ jsoup ---
[INFO] 
[INFO] --- maven-install-plugin:2.4:install (default-install) @ jsoup ---
[INFO] Installing ./jsoup/target/jsoup-1.12.2.jar to ./.m2/repository/org/jsoup/jsoup/1.12.2/jsoup-1.12.2.jar
[INFO] Installing ./jsoup/pom.xml to ./.m2/repository/org/jsoup/jsoup/1.12.2/jsoup-1.12.2.pom
[INFO] Installing ./jsoup/target/jsoup-1.12.2-javadoc.jar to ./.m2/repository/org/jsoup/jsoup/1.12.2/jsoup-1.12.2-javadoc.jar
[INFO] Installing ./jsoup/target/jsoup-1.12.2-sources.jar to ./.m2/repository/org/jsoup/jsoup/1.12.2/jsoup-1.12.2-sources.jar
[INFO] ------------------------------------------------------------------------
[INFO] BUILD SUCCESS
[INFO] ------------------------------------------------------------------------
[INFO] Total time:  42.195 s
[INFO] Finished at: 
[INFO] ------------------------------------------------------------------------
