[INFO] Scanning for projects...
[INFO] 
[INFO] -------------------< org.apache.commons:commons-csv >-------------------
[INFO] Building Apache Commons CSV 1.0-SNAPSHOT
[INFO] --------------------------------[ jar ]---------------------------------
[INFO] 
[INFO] --- maven-clean-plugin:2.5:clean (default-clean) @ commons-csv ---
[INFO] Deleting ./commons-csv/target
[INFO] 
[INFO] --- maven-enforcer-plugin:1.3.1:enforce (enforce-maven-3) @ commons-csv ---
[INFO] 
[INFO] --- maven-antrun-plugin:1.7:run (javadoc.resources) @ commons-csv ---
[INFO] Executing tasks

main:
     [copy] Copying 2 files to ./commons-csv/target/apidocs/META-INF
[INFO] Executed tasks
[INFO] 
[INFO] --- maven-remote-resources-plugin:1.5:process (default) @ commons-csv ---
[INFO] 
[INFO] --- buildnumber-maven-plugin:1.2:create (default) @ commons-csv ---
[INFO] Checking for local modifications: skipped.
[INFO] Updating project files from SCM: skipped.
[INFO] Executing: /bin/sh -c cd ./commons-csv && svn --non-interactive info
[INFO] Working directory: ./commons-csv
[INFO] Storing buildNumber: ?????? at timestamp: 1655749596723
[INFO] Executing: /bin/sh -c cd ./commons-csv && svn --non-interactive info
[INFO] Working directory: ./commons-csv
[INFO] Storing buildScmBranch: UNKNOWN_BRANCH
[INFO] 
[INFO] --- maven-resources-plugin:2.6:resources (default-resources) @ commons-csv ---
[INFO] Using 'UTF-8' encoding to copy filtered resources.
[INFO] skip non existing resourceDirectory ./commons-csv/src/main/resources
[INFO] Copying 2 resources to META-INF
[INFO] 
[INFO] --- maven-compiler-plugin:3.1:compile (default-compile) @ commons-csv ---
[INFO] Changes detected - recompiling the module!
[INFO] Compiling 11 source files to ./commons-csv/target/classes
[INFO] 
[INFO] --- maven-bundle-plugin:2.4.0:manifest (bundle-manifest) @ commons-csv ---
[INFO] 
[INFO] --- maven-resources-plugin:2.6:testResources (default-testResources) @ commons-csv ---
[INFO] Using 'UTF-8' encoding to copy filtered resources.
[INFO] Copying 14 resources
[INFO] Copying 2 resources to META-INF
[INFO] 
[INFO] --- maven-compiler-plugin:3.1:testCompile (default-testCompile) @ commons-csv ---
[INFO] Changes detected - recompiling the module!
[INFO] Compiling 14 source files to ./commons-csv/target/test-classes
[INFO] 
[INFO] --- maven-surefire-plugin:2.17:test (default-test) @ commons-csv ---
[INFO] Surefire report directory: ./commons-csv/target/surefire-reports

-------------------------------------------------------
 T E S T S
-------------------------------------------------------
Running org.apache.commons.csv.CSVFormatTest
Tests run: 40, Failures: 0, Errors: 1, Skipped: 0, Time elapsed: 0.389 sec <<< FAILURE! - in org.apache.commons.csv.CSVFormatTest
testQuoteCharSameAsDelimiterThrowsException(org.apache.commons.csv.CSVFormatTest)  Time elapsed: 0.011 sec  <<< ERROR!
java.lang.IllegalArgumentException: The quoteChar character and the delimiter cannot be the same ('!')
	at org.apache.commons.csv.CSVFormat.validate(CSVFormat.java:676)
	at org.apache.commons.csv.CSVFormat.<init>(CSVFormat.java:330)
	at org.apache.commons.csv.CSVFormat.withDelimiter(CSVFormat.java:754)
	at org.apache.commons.csv.CSVFormatTest.testQuoteCharSameAsDelimiterThrowsException(CSVFormatTest.java:288)

Running org.apache.commons.csv.LexerTest
Tests run: 26, Failures: 0, Errors: 0, Skipped: 0, Time elapsed: 0.154 sec - in org.apache.commons.csv.LexerTest
Running org.apache.commons.csv.CSVRecordTest
Tests run: 17, Failures: 0, Errors: 0, Skipped: 0, Time elapsed: 0.01 sec - in org.apache.commons.csv.CSVRecordTest
Running org.apache.commons.csv.FercGovTest
Tests run: 2, Failures: 0, Errors: 0, Skipped: 0, Time elapsed: 0.012 sec - in org.apache.commons.csv.FercGovTest
Running org.apache.commons.csv.AssertionsTest
Tests run: 2, Failures: 0, Errors: 0, Skipped: 0, Time elapsed: 0.001 sec - in org.apache.commons.csv.AssertionsTest
Running org.apache.commons.csv.CSVFileParserTest
Tests run: 12, Failures: 0, Errors: 0, Skipped: 0, Time elapsed: 0.002 sec - in org.apache.commons.csv.CSVFileParserTest
Running org.apache.commons.csv.CSVPrinterTest
Tests run: 39, Failures: 0, Errors: 0, Skipped: 0, Time elapsed: 1.565 sec - in org.apache.commons.csv.CSVPrinterTest
Running org.apache.commons.csv.CSVParserTest
Tests run: 58, Failures: 0, Errors: 0, Skipped: 2, Time elapsed: 0.065 sec - in org.apache.commons.csv.CSVParserTest
Running org.apache.commons.csv.TokenMatchersTest
Tests run: 4, Failures: 0, Errors: 0, Skipped: 0, Time elapsed: 0.004 sec - in org.apache.commons.csv.TokenMatchersTest
Running org.apache.commons.csv.ExtendedBufferedReaderTest
Tests run: 5, Failures: 0, Errors: 0, Skipped: 0, Time elapsed: 0.001 sec - in org.apache.commons.csv.ExtendedBufferedReaderTest

Results :

Tests in error: 
  CSVFormatTest.testQuoteCharSameAsDelimiterThrowsException:288 Â» IllegalArgument

Tests run: 205, Failures: 0, Errors: 1, Skipped: 2

[ERROR] There are test failures.

Please refer to ./commons-csv/target/surefire-reports for the individual test results.
[INFO] ------------------------------------------------------------------------
[INFO] BUILD SUCCESS
[INFO] ------------------------------------------------------------------------
[INFO] Total time:  8.812 s
[INFO] Finished at: 
[INFO] ------------------------------------------------------------------------
