[INFO] Scanning for projects...
[INFO] 
[INFO] -------------------< org.apache.commons:commons-csv >-------------------
[INFO] Building Apache Commons CSV 1.0-SNAPSHOT
[INFO] --------------------------------[ jar ]---------------------------------
[INFO] 
[INFO] --- maven-clean-plugin:2.5:clean (default-clean) @ commons-csv ---
[INFO] Deleting ./commons-csv/target
[INFO] 
[INFO] --- maven-antrun-plugin:1.7:run (javadoc.resources) @ commons-csv ---
[INFO] Executing tasks

main:
     [copy] Copying 2 files to ./commons-csv/target/apidocs/META-INF
[INFO] Executed tasks
[INFO] 
[INFO] --- maven-remote-resources-plugin:1.5:process (default) @ commons-csv ---
[INFO] 
[INFO] --- buildnumber-maven-plugin:1.2:create (default) @ commons-csv ---
[INFO] Checking for local modifications: skipped.
[INFO] Updating project files from SCM: skipped.
[INFO] Executing: /bin/sh -c cd ./commons-csv && svn --non-interactive info
[INFO] Working directory: ./commons-csv
[INFO] Storing buildNumber: ?????? at timestamp: 1655829673009
[INFO] Executing: /bin/sh -c cd ./commons-csv && svn --non-interactive info
[INFO] Working directory: ./commons-csv
[INFO] Storing buildScmBranch: UNKNOWN_BRANCH
[INFO] 
[INFO] --- maven-resources-plugin:2.6:resources (default-resources) @ commons-csv ---
[INFO] Using 'UTF-8' encoding to copy filtered resources.
[INFO] skip non existing resourceDirectory ./commons-csv/src/main/resources
[INFO] Copying 2 resources to META-INF
[INFO] 
[INFO] --- maven-compiler-plugin:3.1:compile (default-compile) @ commons-csv ---
[INFO] Changes detected - recompiling the module!
[INFO] Compiling 11 source files to ./commons-csv/target/classes
[INFO] 
[INFO] --- maven-bundle-plugin:2.4.0:manifest (bundle-manifest) @ commons-csv ---
[INFO] 
[INFO] --- maven-resources-plugin:2.6:testResources (default-testResources) @ commons-csv ---
[INFO] Using 'UTF-8' encoding to copy filtered resources.
[INFO] Copying 13 resources
[INFO] Copying 2 resources to META-INF
[INFO] 
[INFO] --- maven-compiler-plugin:3.1:testCompile (default-testCompile) @ commons-csv ---
[INFO] Changes detected - recompiling the module!
[INFO] Compiling 14 source files to ./commons-csv/target/test-classes
[INFO] 
[INFO] --- maven-surefire-plugin:2.16:test (default-test) @ commons-csv ---
[INFO] Surefire report directory: ./commons-csv/target/surefire-reports

-------------------------------------------------------
 T E S T S
-------------------------------------------------------
Running org.apache.commons.csv.CSVFormatTest
Tests run: 38, Failures: 0, Errors: 0, Skipped: 0, Time elapsed: 0.334 sec - in org.apache.commons.csv.CSVFormatTest
Running org.apache.commons.csv.LexerTest
Tests run: 26, Failures: 0, Errors: 0, Skipped: 0, Time elapsed: 0.024 sec - in org.apache.commons.csv.LexerTest
Running org.apache.commons.csv.CSVRecordTest
Tests run: 15, Failures: 0, Errors: 0, Skipped: 0, Time elapsed: 0.028 sec - in org.apache.commons.csv.CSVRecordTest
Running org.apache.commons.csv.FercGovTest
Tests run: 2, Failures: 0, Errors: 0, Skipped: 0, Time elapsed: 0.005 sec - in org.apache.commons.csv.FercGovTest
Running org.apache.commons.csv.AssertionsTest
Tests run: 2, Failures: 0, Errors: 0, Skipped: 0, Time elapsed: 0.002 sec - in org.apache.commons.csv.AssertionsTest
Running org.apache.commons.csv.CSVFileParserTest
Tests run: 12, Failures: 0, Errors: 0, Skipped: 0, Time elapsed: 0.056 sec - in org.apache.commons.csv.CSVFileParserTest
Running org.apache.commons.csv.CSVPrinterTest
Tests run: 37, Failures: 0, Errors: 0, Skipped: 0, Time elapsed: 2.494 sec - in org.apache.commons.csv.CSVPrinterTest
Running org.apache.commons.csv.CSVParserTest
Tests run: 49, Failures: 1, Errors: 0, Skipped: 1, Time elapsed: 0.533 sec <<< FAILURE! - in org.apache.commons.csv.CSVParserTest
testParserUrlNullCharsetFormat(org.apache.commons.csv.CSVParserTest)  Time elapsed: 0.476 sec  <<< FAILURE!
java.lang.AssertionError: Expected exception: java.lang.IllegalArgumentException
	at org.junit.internal.runners.statements.ExpectException.evaluate(ExpectException.java:32)
	at org.junit.runners.ParentRunner.runLeaf(ParentRunner.java:271)
	at org.junit.runners.BlockJUnit4ClassRunner.runChild(BlockJUnit4ClassRunner.java:70)
	at org.junit.runners.BlockJUnit4ClassRunner.runChild(BlockJUnit4ClassRunner.java:50)
	at org.junit.runners.ParentRunner$3.run(ParentRunner.java:238)
	at org.junit.runners.ParentRunner$1.schedule(ParentRunner.java:63)
	at org.junit.runners.ParentRunner.runChildren(ParentRunner.java:236)
	at org.junit.runners.ParentRunner.access$000(ParentRunner.java:53)
	at org.junit.runners.ParentRunner$2.evaluate(ParentRunner.java:229)
	at org.junit.runners.ParentRunner.run(ParentRunner.java:309)
	at org.apache.maven.surefire.junit4.JUnit4Provider.execute(JUnit4Provider.java:264)
	at org.apache.maven.surefire.junit4.JUnit4Provider.executeTestSet(JUnit4Provider.java:153)
	at org.apache.maven.surefire.junit4.JUnit4Provider.invoke(JUnit4Provider.java:124)
	at org.apache.maven.surefire.booter.ForkedBooter.invokeProviderInSameClassLoader(ForkedBooter.java:200)
	at org.apache.maven.surefire.booter.ForkedBooter.runSuitesInProcess(ForkedBooter.java:153)
	at org.apache.maven.surefire.booter.ForkedBooter.main(ForkedBooter.java:103)

Running org.apache.commons.csv.TokenMatchersTest
Tests run: 4, Failures: 0, Errors: 0, Skipped: 0, Time elapsed: 0.013 sec - in org.apache.commons.csv.TokenMatchersTest
Running org.apache.commons.csv.ExtendedBufferedReaderTest
Tests run: 5, Failures: 0, Errors: 0, Skipped: 0, Time elapsed: 0.015 sec - in org.apache.commons.csv.ExtendedBufferedReaderTest

Results :

Failed tests: 
  CSVParserTest.testParserUrlNullCharsetFormat Expected exception: java.lang.IllegalArgumentException

Tests run: 190, Failures: 1, Errors: 0, Skipped: 1

[ERROR] There are test failures.

Please refer to ./commons-csv/target/surefire-reports for the individual test results.
[INFO] ------------------------------------------------------------------------
[INFO] BUILD SUCCESS
[INFO] ------------------------------------------------------------------------
[INFO] Total time:  16.225 s
[INFO] Finished at: 
[INFO] ------------------------------------------------------------------------
